[36mINFO[0m[25-12-26 19:00:00] æ—¥å¿—æ–‡ä»¶å·²åˆ‡æ¢åˆ°æ–°å‘¨æœŸ: logs/btc-updown-15m-1766746800.log 
[36mINFO[0m[25-12-26 19:00:00] ðŸ”„ [åˆ‡æ¢å¸‚åœº] ä½¿ç”¨åŠ¨æ€è®¢é˜…åˆ‡æ¢: btc-updown-15m-1766745900 -> btc-updown-15m-1766746800  [36mcomponent[0m=market_scheduler
[36mINFO[0m[25-12-26 19:00:00] ðŸ”• é€€è®¢å¸‚åœºèµ„äº§: 2 ä¸ªèµ„äº§                               [36mcomponent[0m=market_stream
[36mINFO[0m[25-12-26 19:00:00] âœ… é€€è®¢æ¶ˆæ¯å·²å‘é€: 2 ä¸ªèµ„äº§                              [36mcomponent[0m=market_stream
[36mINFO[0m[25-12-26 19:00:00] âœ… [åˆ‡æ¢å¸‚åœº] å·²é€€è®¢æ—§å¸‚åœº: btc-updown-15m-1766745900    [36mcomponent[0m=market_stream
[36mINFO[0m[25-12-26 19:00:00] ðŸ“¡ è®¢é˜…å¸‚åœºèµ„äº§ (operation=subscribe): 2 ä¸ªèµ„äº§         [36mcomponent[0m=market_stream
[36mINFO[0m[25-12-26 19:00:00] âœ… è®¢é˜…æ¶ˆæ¯å·²å‘é€: 2 ä¸ªèµ„äº§                              [36mcomponent[0m=market_stream
[36mINFO[0m[25-12-26 19:00:00] âœ… [åˆ‡æ¢å¸‚åœº] å·²è®¢é˜…æ–°å¸‚åœº: btc-updown-15m-1766746800    [36mcomponent[0m=market_stream
[36mINFO[0m[25-12-26 19:00:00] âœ… å·²åˆ‡æ¢åˆ°ä¸‹ä¸€ä¸ªå¸‚åœºï¼ˆåŠ¨æ€è®¢é˜…ï¼‰: btc-updown-15m-1766746800  [36mcomponent[0m=market_scheduler
[36mINFO[0m[25-12-26 19:00:00] è§¦å‘ä¼šè¯åˆ‡æ¢å›žè°ƒï¼Œæ›´æ–°ç­–ç•¥å¸‚åœºä¿¡æ¯                             [36mcomponent[0m=market_scheduler
[36mINFO[0m[25-12-26 19:00:00] ðŸ”„ [å‘¨æœŸåˆ‡æ¢] æ£€æµ‹åˆ°ä¼šè¯åˆ‡æ¢ï¼Œé‡æ–°æ³¨å†Œç­–ç•¥åˆ°æ–°ä¼šè¯: btc-updown-15m-1766746800 
[36mINFO[0m[25-12-26 19:00:00] âœ… [å‘¨æœŸåˆ‡æ¢] å·²è®¾ç½®å½“å‰å¸‚åœº: btc-updown-15m-1766746800   [36mcomponent[0m=trading_service
[33mWARN[0m[25-12-26 19:00:00] ðŸ”„ [å‘¨æœŸåˆ‡æ¢] OrderEngine å·²é‡ç½®è¿è¡Œæ—¶çŠ¶æ€: newMarket=btc-updown-15m-1766746800 reason=TradingService.SetCurrentMarket gen=1766746800  [33mcomponent[0m=order_engine
[33mWARN[0m[25-12-26 19:00:00] ðŸ”„ [å‘¨æœŸåˆ‡æ¢] å·²é‡ç½®æœ¬åœ°çŠ¶æ€ï¼šorders/positions/cache/inflightï¼ˆprev=btc-updown-15m-1766745900 -> new=btc-updown-15m-1766746800 gen=1766746800ï¼‰  [33mcomponent[0m=trading_service
[36mINFO[0m[25-12-26 19:00:00] ðŸ“Š [cyclehedge] å‘¨æœŸæŠ¥è¡¨å·²å†™å…¥: market=btc-updown-15m-1766746800 dir=data/reports/cyclehedge lockedProfit=0c/share est=0.00  [36mstrategy[0m=cyclehedge
[36mINFO[0m[25-12-26 19:00:01] âœ… [ä½™é¢åˆå§‹åŒ–] ä»Žé“¾ä¸ŠæŸ¥è¯¢åˆ°ä½™é¢: 2.376374 USDC (åœ°å€: 0xc087dA6Bc35B53D03f16c0ed6210a16AFefec36b)  [36mcomponent[0m=trading_service
[36mINFO[0m[25-12-26 19:00:02] âœ… [æŽˆæƒé¢åº¦] æ£€æµ‹åˆ°æ— é™æŽˆæƒï¼ˆuint256 æœ€å¤§å€¼ï¼‰ï¼Œè®¾ç½®ä¸ºè¶³å¤Ÿå¤§çš„å€¼        [36mcomponent[0m=trading_service
[36mINFO[0m[25-12-26 19:00:02] â•â•â•â•â•â•â•â•â•â•â•â•â•â•â•â•â•â•â•â•â•â•â•â•â•â•â•â•â•â•â•â•â•â•â•â•â•â•â•â•â•â•â•â•â•â•â•â•â•â•â•â•â•â•â•â•â•â•â•  [36mcomponent[0m=trading_service
[36mINFO[0m[25-12-26 19:00:02] ðŸ“‹ [è´¦å·ä¿¡æ¯]                                      [36mcomponent[0m=trading_service
[36mINFO[0m[25-12-26 19:00:02]    è´¦å·åœ°å€: 0xc087dA6Bc35B53D03f16c0ed6210a16AFefec36b  [36mcomponent[0m=trading_service
[36mINFO[0m[25-12-26 19:00:02]    ä½™é¢:     2.376374 USDC (åŽŸå§‹å€¼: 2376374, æ•´æ•°: 2376374)  [36mcomponent[0m=trading_service
[36mINFO[0m[25-12-26 19:00:02]    æŽˆæƒé¢åº¦: 999999999.999000 USDC (åŽŸå§‹å€¼: 115792089237316195423570985008687907853269984665640564039457584007913129639935)  [36mcomponent[0m=trading_service
[36mINFO[0m[25-12-26 19:00:02] â•â•â•â•â•â•â•â•â•â•â•â•â•â•â•â•â•â•â•â•â•â•â•â•â•â•â•â•â•â•â•â•â•â•â•â•â•â•â•â•â•â•â•â•â•â•â•â•â•â•â•â•â•â•â•â•â•â•â•  [36mcomponent[0m=trading_service
[36mINFO[0m[25-12-26 19:00:02] ðŸ”„ [cyclehedge] å‘¨æœŸé‡ç½®: market=btc-updown-15m-1766746800 start=1766746800 balance=2.38 targetNotional=40.00 profitRange=[1,3]c  [36mstrategy[0m=cyclehedge
[36mINFO[0m[25-12-26 19:00:02] ðŸ”„ [å‘¨æœŸåˆ‡æ¢] å‡†å¤‡è°ƒç”¨ç­–ç•¥ cyclehedge çš„ Subscribe æ–¹æ³•     [36mcomponent[0m=trader
[36mINFO[0m[25-12-26 19:00:02] âœ… [Session polymarket] æ³¨å†Œä»·æ ¼å˜åŒ–å¤„ç†å™¨ï¼Œå½“å‰ handlers æ•°é‡=2  [36mcomponent[0m=session
[36mINFO[0m[25-12-26 19:00:02] âœ… [cyclehedge] å·²è®¢é˜… price/order äº‹ä»¶ (session=polymarket)  [36mstrategy[0m=cyclehedge
[36mINFO[0m[25-12-26 19:00:02] âœ… [å‘¨æœŸåˆ‡æ¢] ç­–ç•¥ cyclehedge çš„ Subscribe æ–¹æ³•æ‰§è¡Œå®Œæˆ     [36mcomponent[0m=trader
[36mINFO[0m[25-12-26 19:00:02] âœ… [å‘¨æœŸåˆ‡æ¢] ç­–ç•¥ cyclehedge å·²è®¢é˜…ä¼šè¯ polymarket       [36mcomponent[0m=trader
[36mINFO[0m[25-12-26 19:00:02] ðŸ”„ [å‘¨æœŸåˆ‡æ¢] ç­–ç•¥ cyclehedge å·²åˆ‡æ¢åˆ°æ–° session=polymarket  [36mcomponent[0m=trader
[36mINFO[0m[25-12-26 19:00:02] âœ… [å‘¨æœŸåˆ‡æ¢] ç­–ç•¥å·²åˆ‡æ¢åˆ°æ–° sessionï¼Œmarket=btc-updown-15m-1766746800 
[36mINFO[0m[25-12-26 19:00:27] ðŸ“¨ [UserWebSocket] æ”¶åˆ° WebSocket æ¶ˆæ¯: event_type=trade orderID=9c2b86b9-aa20-4b2d-885c-30666996dab8 assetID=108549291037356484101456123211229010627926386152388063481676812877275759301070 side=SELL rawKeys=[last_update owner maker_address maker_orders asset_id fee_rate_bps bucket_index taker_order_id outcome trade_owner transaction_hash timestamp type size price status trader_side event_type id market side match_time]  [36mcomponent[0m=user_websocket
[36mINFO[0m[25-12-26 19:00:27] ðŸ“¨ [UserWebSocket] å¤„ç†äº¤æ˜“æ¶ˆæ¯: orderID=9c2b86b9-aa20-4b2d-885c-30666996dab8 assetID=108549291037356484101456123211229010627926386152388063481676812877275759301070  [36mcomponent[0m=user_websocket
[36mINFO[0m[25-12-26 19:00:27] ðŸ“¨ [UserWebSocket] æ”¶åˆ° WebSocket æ¶ˆæ¯: event_type=trade orderID=90ec9106-4ee6-46b0-a27a-2324f3e553fe assetID=108549291037356484101456123211229010627926386152388063481676812877275759301070 side=SELL rawKeys=[side status transaction_hash bucket_index asset_id outcome match_time size fee_rate_bps price trade_owner maker_address maker_orders timestamp type last_update owner trader_side event_type id taker_order_id market]  [36mcomponent[0m=user_websocket
[36mINFO[0m[25-12-26 19:00:27] ðŸ“¨ [UserWebSocket] å¤„ç†äº¤æ˜“æ¶ˆæ¯: orderID=90ec9106-4ee6-46b0-a27a-2324f3e553fe assetID=108549291037356484101456123211229010627926386152388063481676812877275759301070  [36mcomponent[0m=user_websocket
[36mINFO[0m[25-12-26 19:00:50] æ”¶åˆ°åœæ­¢ä¿¡å·ï¼Œæ­£åœ¨å…³é—­...                               
[36mINFO[0m[25-12-26 19:00:50] æ­£åœ¨åœæ­¢å¸‚åœºè°ƒåº¦å™¨...                                 
[36mINFO[0m[25-12-26 19:00:50] åœæ­¢å¸‚åœºè°ƒåº¦å™¨...                                    [36mcomponent[0m=market_scheduler
[36mINFO[0m[25-12-26 19:00:50] ðŸ”„ [è®¢å•çŠ¶æ€åŒæ­¥] è®¢å•çŠ¶æ€åŒæ­¥å·²åœæ­¢                          [36mcomponent[0m=trading_service
[36mINFO[0m[25-12-26 19:00:50] ðŸ›‘ OrderEngine åœæ­¢                              [36mcomponent[0m=order_engine
[36mINFO[0m[25-12-26 19:00:50] å¸‚åœºè°ƒåº¦å™¨å·²åœæ­¢                                      [36mcomponent[0m=market_scheduler
[36mINFO[0m[25-12-26 19:00:50] ðŸ”„ [å…³é—­] MarketStream å·²æ¸…ç©ºæ‰€æœ‰ handlersï¼Œå¸‚åœº=btc-updown-15m-1766746800  [36mcomponent[0m=market_stream
[36mINFO[0m[25-12-26 19:00:50] ðŸ”• [å…³é—­] é€€è®¢ 2 ä¸ªèµ„äº§                               [36mcomponent[0m=market_stream
[36mINFO[0m[25-12-26 19:00:50] ðŸ”• é€€è®¢å¸‚åœºèµ„äº§: 2 ä¸ªèµ„äº§                               [36mcomponent[0m=market_stream
[36mINFO[0m[25-12-26 19:00:50] âœ… é€€è®¢æ¶ˆæ¯å·²å‘é€: 2 ä¸ªèµ„äº§                              [36mcomponent[0m=market_stream
[33mWARN[0m[25-12-26 19:00:50] WebSocket è¯»å–é”™è¯¯: read tcp 127.0.0.1:62273->127.0.0.1:15236: use of closed network connectionï¼Œè§¦å‘é‡è¿ž  [33mcomponent[0m=market_stream
[36mINFO[0m[25-12-26 19:00:50] âœ… [unsubscribe] MarketStream å·²å…³é—­å¹¶å®Œæˆé€€è®¢ï¼šmarket=btc-updown-15m-1766746800, elapsed=863.292Âµs  [36mcomponent[0m=market_stream
[36mINFO[0m[25-12-26 19:00:50] ç”¨æˆ·è®¢å• WebSocket è¯»å–é”™è¯¯ä¸” context å·²å–æ¶ˆï¼Œé€€å‡º           [36mcomponent[0m=user_websocket
[36mINFO[0m[25-12-26 19:00:50] âœ… [unsubscribe] Session å·²å…³é—­å¹¶å®Œæˆé€€è®¢ï¼šsession=polymarket, market=btc-updown-15m-1766746800, elapsed=1.497541ms  [36mcomponent[0m=session
[36mINFO[0m[25-12-26 19:00:50] æ­£åœ¨å…³é—­ç­–ç•¥...                                    
[36mINFO[0m[25-12-26 19:00:50] shutting down...                              [36mcomponent[0m=graceful_shutdown
[36mINFO[0m[25-12-26 19:00:50] æ²¡æœ‰æ³¨å†Œçš„å…³é—­å›žè°ƒ                                    
[36mINFO[0m[25-12-26 19:00:50] æ­£åœ¨åœæ­¢äº¤æ˜“æœåŠ¡...                                  
[36mINFO[0m[25-12-26 19:00:50] æ­£åœ¨åœæ­¢äº¤æ˜“æœåŠ¡...                                   [36mcomponent[0m=trading_service
[36mINFO[0m[25-12-26 19:00:50] äº¤æ˜“æœåŠ¡å·²åœæ­¢                                       [36mcomponent[0m=trading_service
[36mINFO[0m[25-12-26 19:00:50] âœ… CommandExecutor å·²åœæ­¢                         [36mcomponent[0m=command_executor
[36mINFO[0m[25-12-26 19:00:50] âœ… WorkerPoolCommandExecutor å·²åœæ­¢               [36mcomponent[0m=command_executor_pool
[36mINFO[0m[25-12-26 19:00:50] âœ… [unsubscribe] Session å·²å…³é—­å¹¶å®Œæˆé€€è®¢ï¼šsession=polymarket, market=btc-updown-15m-1766746800, elapsed=4.958Âµs  [36mcomponent[0m=session
[36mINFO[0m[25-12-26 19:00:50] âœ… äº¤æ˜“æœºå™¨äººå·²åœæ­¢                                   
[33mWARN[0m[25-12-26 19:00:50] Binance Futures WS readLoop é€€å‡º: read tcp 127.0.0.1:62281->127.0.0.1:15236: use of closed network connection  [33mcomponent[0m=binance_futures_klines
