[36mINFO[0m[25-12-30 16:50:05] 🚀 启动交易机器人（BBGO 架构）...                        
[36mINFO[0m[25-12-30 16:50:05] 已设置 HTTP 代理环境变量: http://localhost:15236（Gamma API 将使用此代理） 
[36mINFO[0m[25-12-30 16:50:05] 推导 API 凭证...                                 
[36mINFO[0m[25-12-30 16:50:06] API 凭证已获取: key=4b4ea268-c27...               
[36mINFO[0m[25-12-30 16:50:06] 🔓 Circuit Breaker 已禁用（纸交易模式）                  [36mcomponent[0m=trading_service
[36mINFO[0m[25-12-30 16:50:06] 后台预加载: 发现 2 个缺失的周期数据（需要预加载: [btc-updown-15m-1767084300 btc-updown-15m-1767085200]，缓存大小: 0） 
[33mWARN[0m[25-12-30 16:50:06] 📝 纸交易模式已启用：不会进行真实交易，订单信息仅记录在日志中               [33mcomponent[0m=trading_service
[33mWARN[0m[25-12-30 16:50:06] 📝 纸交易模式已启用：不会进行真实交易，订单信息仅记录在日志中              
[36mINFO[0m[25-12-30 16:50:06] 已配置代理钱包: funderAddress=0xb369b876b070a047B8BDBbBabf5Be8209d25f7F0 
[36mINFO[0m[25-12-30 16:50:06] 订单状态同步配置已更新: 有活跃订单时=3秒, 无活跃订单时=30秒            [36mcomponent[0m=trading_service
[36mINFO[0m[25-12-30 16:50:06] 订单状态同步配置: 有活跃订单时=3秒, 无活跃订单时=30秒（官方API限流：150请求/10秒，理论上可支持1秒，但建议3秒以上） 
[36mINFO[0m[25-12-30 16:50:06] ✅ 已设置最小订单金额: 1.10 USDC                        [36mcomponent[0m=trading_service
[36mINFO[0m[25-12-30 16:50:06] ✅ 已设置限价单最小 share 数量: 5.00（仅限价单 GTC 时应用）       [36mcomponent[0m=trading_service
[36mINFO[0m[25-12-30 16:50:06] 系统级配置: 防抖间隔=100ms（BBGO风格：直接回调模式）             
[36mINFO[0m[25-12-30 16:50:06] ✅ 策略 velocityhedgehold 已加载（on=[polymarket]）  
[36mINFO[0m[25-12-30 16:50:06] 启动市场调度器...                                    [36mcomponent[0m=market_scheduler
[36mINFO[0m[25-12-30 16:50:06] 从 API 获取市场信息成功: btc-updown-15m-1767084300 (YES: 903671593996..., NO: 874905997946...) 
[36mINFO[0m[25-12-30 16:50:06] 从 API 获取市场信息成功: btc-updown-15m-1767084300 (YES: 903671593996..., NO: 874905997946...) 
[36mINFO[0m[25-12-30 17:01:52] 🚀 启动交易机器人（BBGO 架构）...                        
[36mINFO[0m[25-12-30 17:01:52] 已设置 HTTP 代理环境变量: http://localhost:15236（Gamma API 将使用此代理） 
[36mINFO[0m[25-12-30 17:01:52] 推导 API 凭证...                                 
[36mINFO[0m[25-12-30 17:01:53] API 凭证已获取: key=4b4ea268-c27...               
[36mINFO[0m[25-12-30 17:01:53] 🔓 Circuit Breaker 已禁用（纸交易模式）                  [36mcomponent[0m=trading_service
[33mWARN[0m[25-12-30 17:01:53] 📝 纸交易模式已启用：不会进行真实交易，订单信息仅记录在日志中               [33mcomponent[0m=trading_service
[33mWARN[0m[25-12-30 17:01:53] 📝 纸交易模式已启用：不会进行真实交易，订单信息仅记录在日志中              
[36mINFO[0m[25-12-30 17:01:53] 已配置代理钱包: funderAddress=0xb369b876b070a047B8BDBbBabf5Be8209d25f7F0 
[36mINFO[0m[25-12-30 17:01:53] 订单状态同步配置已更新: 有活跃订单时=3秒, 无活跃订单时=30秒            [36mcomponent[0m=trading_service
[36mINFO[0m[25-12-30 17:01:53] 订单状态同步配置: 有活跃订单时=3秒, 无活跃订单时=30秒（官方API限流：150请求/10秒，理论上可支持1秒，但建议3秒以上） 
[36mINFO[0m[25-12-30 17:01:53] ✅ 已设置最小订单金额: 1.10 USDC                        [36mcomponent[0m=trading_service
[36mINFO[0m[25-12-30 17:01:53] ✅ 已设置限价单最小 share 数量: 5.00（仅限价单 GTC 时应用）       [36mcomponent[0m=trading_service
[36mINFO[0m[25-12-30 17:01:53] 后台预加载: 发现 2 个缺失的周期数据（需要预加载: [btc-updown-15m-1767085200 btc-updown-15m-1767086100]，缓存大小: 0） 
[36mINFO[0m[25-12-30 17:01:53] 系统级配置: 防抖间隔=100ms（BBGO风格：直接回调模式）             
[36mINFO[0m[25-12-30 17:01:53] ✅ 策略 velocityhedgehold 已加载（on=[polymarket]）  
[36mINFO[0m[25-12-30 17:01:53] 启动市场调度器...                                    [36mcomponent[0m=market_scheduler
[36mINFO[0m[25-12-30 17:01:55] 从 API 获取市场信息成功: btc-updown-15m-1767085200 (YES: 112855771796..., NO: 184900953038...) 
[36mINFO[0m[25-12-30 17:01:55] 从 API 获取市场信息成功: btc-updown-15m-1767085200 (YES: 112855771796..., NO: 184900953038...) 
